[6.870s] Invoking command in '/home/yvxaiver/f1tenth_ws/src/f1tenth_system/planned_path': PYTHONPATH=/home/yvxaiver/f1tenth_ws/build/planned_path/prefix_override:/home/yvxaiver/f1tenth_ws/install/planned_path/lib/python3.8/site-packages:${PYTHONPATH} /usr/bin/python3 setup.py egg_info --egg-base ../../../build/planned_path build --build-base /home/yvxaiver/f1tenth_ws/build/planned_path/build install --record /home/yvxaiver/f1tenth_ws/build/planned_path/install.log --install-scripts $base/lib/planned_path --single-version-externally-managed
[8.715s] Traceback (most recent call last):
[8.718s]   File "/usr/local/lib/python3.8/dist-packages/pkg_resources/__init__.py", line 2877, in get_entry_map
[8.720s]     ep_map = self._ep_map
[8.725s]   File "/usr/local/lib/python3.8/dist-packages/pkg_resources/__init__.py", line 2835, in __getattr__
[8.727s]     raise AttributeError(attr)
[8.733s] AttributeError: _ep_map
[8.741s] 
[8.742s] During handling of the above exception, another exception occurred:
[8.742s] 
[8.743s] Traceback (most recent call last):
[8.745s]   File "setup.py", line 5, in <module>
[8.747s]     setup(
[8.748s]   File "/usr/local/lib/python3.8/dist-packages/setuptools/__init__.py", line 162, in setup
[8.750s]     _install_setup_requires(attrs)
[8.751s]   File "/usr/local/lib/python3.8/dist-packages/setuptools/__init__.py", line 152, in _install_setup_requires
[8.752s]     dist = MinimalDistribution(attrs)
[8.752s]   File "/usr/local/lib/python3.8/dist-packages/setuptools/__init__.py", line 144, in __init__
[8.753s]     distutils.core.Distribution.__init__(self, filtered)
[8.754s]   File "/usr/local/lib/python3.8/dist-packages/setuptools/dist.py", line 427, in __init__
[8.754s]     for ep in pkg_resources.iter_entry_points('distutils.setup_keywords'):
[8.756s]   File "/usr/local/lib/python3.8/dist-packages/pkg_resources/__init__.py", line 655, in <genexpr>
[8.757s]     for entry in dist.get_entry_map(group).values()
[8.759s]   File "/usr/local/lib/python3.8/dist-packages/pkg_resources/__init__.py", line 2879, in get_entry_map
[8.760s]     ep_map = self._ep_map = EntryPoint.parse_map(
[8.761s]   File "/usr/local/lib/python3.8/dist-packages/pkg_resources/__init__.py", line 2564, in parse_map
[8.761s]     maps[group] = cls.parse_group(group, lines, dist)
[8.762s]   File "/usr/local/lib/python3.8/dist-packages/pkg_resources/__init__.py", line 2542, in parse_group
[8.762s]     ep = cls.parse(line, dist)
[8.763s]   File "/usr/local/lib/python3.8/dist-packages/pkg_resources/__init__.py", line 2517, in parse
[8.763s]     m = cls.pattern.match(src)
[8.764s] KeyboardInterrupt
