[ 20%] Built target vesc_driver_node
[ 70%] Built target vesc_driver
[100%] Built target vesc_device_namer
-- Install configuration: ""
-- Up-to-date: /home/yvxaiver/f1tenth_ws/install/vesc_driver/lib/vesc_driver/vesc_driver_node
-- Up-to-date: /home/yvxaiver/f1tenth_ws/install/vesc_driver/include
-- Up-to-date: /home/yvxaiver/f1tenth_ws/install/vesc_driver/include/vesc_driver
-- Up-to-date: /home/yvxaiver/f1tenth_ws/install/vesc_driver/include/vesc_driver/crc.hpp
-- Up-to-date: /home/yvxaiver/f1tenth_ws/install/vesc_driver/include/vesc_driver/vesc_packet.hpp
-- Up-to-date: /home/yvxaiver/f1tenth_ws/install/vesc_driver/include/vesc_driver/vesc_driver.hpp
-- Up-to-date: /home/yvxaiver/f1tenth_ws/install/vesc_driver/include/vesc_driver/vesc_packet_factory.hpp
-- Up-to-date: /home/yvxaiver/f1tenth_ws/install/vesc_driver/include/vesc_driver/vesc_device_uuid_lookup.hpp
-- Up-to-date: /home/yvxaiver/f1tenth_ws/install/vesc_driver/include/vesc_driver/vesc_interface.hpp
-- Up-to-date: /home/yvxaiver/f1tenth_ws/install/vesc_driver/include/vesc_driver/datatypes.hpp
-- Up-to-date: /home/yvxaiver/f1tenth_ws/install/vesc_driver/share/vesc_driver/environment/library_path.sh
-- Up-to-date: /home/yvxaiver/f1tenth_ws/install/vesc_driver/share/vesc_driver/environment/library_path.dsv
-- Up-to-date: /home/yvxaiver/f1tenth_ws/install/vesc_driver/lib/libvesc_driver.so
-- Up-to-date: /home/yvxaiver/f1tenth_ws/install/vesc_driver/lib/vesc_driver/vesc_device_namer
-- Up-to-date: /home/yvxaiver/f1tenth_ws/install/vesc_driver/share/vesc_driver/launch
-- Up-to-date: /home/yvxaiver/f1tenth_ws/install/vesc_driver/share/vesc_driver/launch/vesc_driver_node.launch.py
-- Up-to-date: /home/yvxaiver/f1tenth_ws/install/vesc_driver/share/vesc_driver/params
-- Up-to-date: /home/yvxaiver/f1tenth_ws/install/vesc_driver/share/vesc_driver/params/vesc_config.yaml
-- Up-to-date: /home/yvxaiver/f1tenth_ws/install/vesc_driver/share/ament_index/resource_index/package_run_dependencies/vesc_driver
-- Up-to-date: /home/yvxaiver/f1tenth_ws/install/vesc_driver/share/ament_index/resource_index/parent_prefix_path/vesc_driver
-- Up-to-date: /home/yvxaiver/f1tenth_ws/install/vesc_driver/share/vesc_driver/environment/ament_prefix_path.sh
-- Up-to-date: /home/yvxaiver/f1tenth_ws/install/vesc_driver/share/vesc_driver/environment/ament_prefix_path.dsv
-- Up-to-date: /home/yvxaiver/f1tenth_ws/install/vesc_driver/share/vesc_driver/environment/path.sh
-- Up-to-date: /home/yvxaiver/f1tenth_ws/install/vesc_driver/share/vesc_driver/environment/path.dsv
-- Up-to-date: /home/yvxaiver/f1tenth_ws/install/vesc_driver/share/vesc_driver/local_setup.bash
-- Up-to-date: /home/yvxaiver/f1tenth_ws/install/vesc_driver/share/vesc_driver/local_setup.sh
-- Up-to-date: /home/yvxaiver/f1tenth_ws/install/vesc_driver/share/vesc_driver/local_setup.zsh
-- Up-to-date: /home/yvxaiver/f1tenth_ws/install/vesc_driver/share/vesc_driver/local_setup.dsv
-- Installing: /home/yvxaiver/f1tenth_ws/install/vesc_driver/share/vesc_driver/package.dsv
-- Up-to-date: /home/yvxaiver/f1tenth_ws/install/vesc_driver/share/ament_index/resource_index/packages/vesc_driver
-- Up-to-date: /home/yvxaiver/f1tenth_ws/install/vesc_driver/share/ament_index/resource_index/rclcpp_components/vesc_driver
-- Up-to-date: /home/yvxaiver/f1tenth_ws/install/vesc_driver/share/vesc_driver/cmake/ament_cmake_export_dependencies-extras.cmake
-- Up-to-date: /home/yvxaiver/f1tenth_ws/install/vesc_driver/share/vesc_driver/cmake/ament_cmake_export_include_directories-extras.cmake
-- Up-to-date: /home/yvxaiver/f1tenth_ws/install/vesc_driver/share/vesc_driver/cmake/ament_cmake_export_libraries-extras.cmake
-- Up-to-date: /home/yvxaiver/f1tenth_ws/install/vesc_driver/share/vesc_driver/cmake/vesc_driverConfig.cmake
-- Up-to-date: /home/yvxaiver/f1tenth_ws/install/vesc_driver/share/vesc_driver/cmake/vesc_driverConfig-version.cmake
-- Up-to-date: /home/yvxaiver/f1tenth_ws/install/vesc_driver/share/vesc_driver/package.xml
Traceback (most recent call last):
  File "/usr/lib/python3/dist-packages/colcon_parallel_executor/executor/parallel.py", line 67, in execute
    loop.run_until_complete(future)
  File "/usr/lib/python3.8/asyncio/base_events.py", line 603, in run_until_complete
    self.run_forever()
  File "/usr/lib/python3.8/asyncio/base_events.py", line 570, in run_forever
    self._run_once()
  File "/usr/lib/python3.8/asyncio/base_events.py", line 1823, in _run_once
    event_list = self._selector.select(timeout)
  File "/usr/lib/python3.8/selectors.py", line 468, in select
    fd_event_list = self._selector.poll(timeout, max_ev)
KeyboardInterrupt

During handling of the above exception, another exception occurred:

Traceback (most recent call last):
  File "/usr/lib/python3/dist-packages/colcon_core/executor/__init__.py", line 91, in __call__
    rc = await self.task(*args, **kwargs)
  File "/usr/lib/python3/dist-packages/colcon_core/task/__init__.py", line 93, in __call__
    return await task_method(*args, **kwargs)
  File "/usr/lib/python3/dist-packages/colcon_ros/task/ament_cmake/build.py", line 65, in build
    has_install_target = await has_target(args.build_base, 'install')
  File "/usr/lib/python3/dist-packages/colcon_cmake/task/cmake/__init__.py", line 57, in has_target
    return target in await get_makefile_targets(path)
  File "/usr/lib/python3/dist-packages/colcon_cmake/task/cmake/__init__.py", line 77, in get_makefile_targets
    output = await check_output([
  File "/usr/lib/python3/dist-packages/colcon_core/subprocess.py", line 128, in check_output
    assert not rc, f'Expected {args} to pass: {stderr_data}'
AssertionError: Expected ['/usr/bin/cmake', '--build', '/home/yvxaiver/f1tenth_ws/build/vesc_driver', '--target', 'help'] to pass: 
