[0.338s] Invoking command in '/home/yvxaiver/f1tenth_ws/build/vesc_driver': CMAKE_PREFIX_PATH=/home/yvxaiver/f1tenth_ws/install/vesc_msgs:/home/yvxaiver/f1tenth_ws/install/vesc:/home/yvxaiver/f1tenth_ws/install/vesc_driver:/home/yvxaiver/f1tenth_ws/install/vesc_ackermann:/home/yvxaiver/f1tenth_ws/install/v4l2_camera:/home/yvxaiver/f1tenth_ws/install/teleop_tools:/home/yvxaiver/f1tenth_ws/install/teleop_tools_msgs:/home/yvxaiver/f1tenth_ws/install/ackermann_mux:/home/yvxaiver/camera_ws/install/usb_camera_driver:/home/yvxaiver/camera_ws/install/usb_cam:/home/yvxaiver/camera_ws/install/camera_bringup:/home/yvxaiver/camera_ws/install/ros2_numpy:/home/yvxaiver/camera_ws/install/points_vector:/home/yvxaiver/camera_ws/install/lanenet_out:/home/yvxaiver/f1tenth_ws/install/f1tenth_stack:/home/yvxaiver/f1tenth_ws/install/joy_teleop:/home/yvxaiver/f1tenth_ws/install/planned_path:/home/yvxaiver/f1tenth_ws/install/mouse_teleop:/home/yvxaiver/f1tenth_ws/install/lanenet_driver:/home/yvxaiver/f1tenth_ws/install/key_teleop:/home/yvxaiver/camera_ws/install/lanenet_postprocess:/home/yvxaiver/camera_ws/install/image_processor:/home/yvxaiver/camera_ws/install/inv_mux:/opt/ros/foxy LD_LIBRARY_PATH=/home/yvxaiver/f1tenth_ws/install/vesc_msgs/lib:/home/yvxaiver/f1tenth_ws/install/vesc_driver/lib:/home/yvxaiver/f1tenth_ws/install/vesc_ackermann/lib:/home/yvxaiver/f1tenth_ws/install/v4l2_camera/lib:/home/yvxaiver/f1tenth_ws/install/teleop_tools_msgs/lib:/home/yvxaiver/camera_ws/install/usb_camera_driver/lib:/home/yvxaiver/camera_ws/install/usb_cam/lib:/home/yvxaiver/camera_ws/install/points_vector/lib:/home/yvxaiver/camera_ws/install/lanenet_out/lib:/opt/ros/foxy/opt/yaml_cpp_vendor/lib:/opt/ros/foxy/opt/rviz_ogre_vendor/lib:/opt/ros/foxy/lib/aarch64-linux-gnu:/opt/ros/foxy/lib:/usr/local/cuda-11.4/lib64 PYTHONPATH=/home/yvxaiver/f1tenth_ws/install/vesc_msgs/lib/python3.8/site-packages:/home/yvxaiver/f1tenth_ws/install/f1tenth_stack/lib/python3.8/site-packages:/home/yvxaiver/f1tenth_ws/install/joy_teleop/lib/python3.8/site-packages:/home/yvxaiver/f1tenth_ws/install/teleop_tools_msgs/lib/python3.8/site-packages:/home/yvxaiver/f1tenth_ws/install/planned_path/lib/python3.8/site-packages:/home/yvxaiver/f1tenth_ws/install/mouse_teleop/lib/python3.8/site-packages:/home/yvxaiver/f1tenth_ws/install/lanenet_driver/lib/python3.8/site-packages:/home/yvxaiver/f1tenth_ws/install/key_teleop/lib/python3.8/site-packages:/home/yvxaiver/camera_ws/install/lanenet_postprocess/lib/python3.8/site-packages:/home/yvxaiver/camera_ws/install/ros2_numpy/lib/python3.8/site-packages:/home/yvxaiver/camera_ws/install/image_processor/lib/python3.8/site-packages:/home/yvxaiver/camera_ws/install/points_vector/lib/python3.8/site-packages:/home/yvxaiver/camera_ws/install/inv_mux/lib/python3.8/site-packages:/home/yvxaiver/camera_ws/install/lanenet_out/lib/python3.8/site-packages:/opt/ros/foxy/lib/python3.8/site-packages /usr/bin/cmake --build /home/yvxaiver/f1tenth_ws/build/vesc_driver -- -j6 -l6
[1.037s] [ 20%] Built target vesc_driver_node
[1.108s] [ 70%] Built target vesc_driver
[1.325s] [100%] Built target vesc_device_namer
[1.534s] Invoked command in '/home/yvxaiver/f1tenth_ws/build/vesc_driver' returned '0': CMAKE_PREFIX_PATH=/home/yvxaiver/f1tenth_ws/install/vesc_msgs:/home/yvxaiver/f1tenth_ws/install/vesc:/home/yvxaiver/f1tenth_ws/install/vesc_driver:/home/yvxaiver/f1tenth_ws/install/vesc_ackermann:/home/yvxaiver/f1tenth_ws/install/v4l2_camera:/home/yvxaiver/f1tenth_ws/install/teleop_tools:/home/yvxaiver/f1tenth_ws/install/teleop_tools_msgs:/home/yvxaiver/f1tenth_ws/install/ackermann_mux:/home/yvxaiver/camera_ws/install/usb_camera_driver:/home/yvxaiver/camera_ws/install/usb_cam:/home/yvxaiver/camera_ws/install/camera_bringup:/home/yvxaiver/camera_ws/install/ros2_numpy:/home/yvxaiver/camera_ws/install/points_vector:/home/yvxaiver/camera_ws/install/lanenet_out:/home/yvxaiver/f1tenth_ws/install/f1tenth_stack:/home/yvxaiver/f1tenth_ws/install/joy_teleop:/home/yvxaiver/f1tenth_ws/install/planned_path:/home/yvxaiver/f1tenth_ws/install/mouse_teleop:/home/yvxaiver/f1tenth_ws/install/lanenet_driver:/home/yvxaiver/f1tenth_ws/install/key_teleop:/home/yvxaiver/camera_ws/install/lanenet_postprocess:/home/yvxaiver/camera_ws/install/image_processor:/home/yvxaiver/camera_ws/install/inv_mux:/opt/ros/foxy LD_LIBRARY_PATH=/home/yvxaiver/f1tenth_ws/install/vesc_msgs/lib:/home/yvxaiver/f1tenth_ws/install/vesc_driver/lib:/home/yvxaiver/f1tenth_ws/install/vesc_ackermann/lib:/home/yvxaiver/f1tenth_ws/install/v4l2_camera/lib:/home/yvxaiver/f1tenth_ws/install/teleop_tools_msgs/lib:/home/yvxaiver/camera_ws/install/usb_camera_driver/lib:/home/yvxaiver/camera_ws/install/usb_cam/lib:/home/yvxaiver/camera_ws/install/points_vector/lib:/home/yvxaiver/camera_ws/install/lanenet_out/lib:/opt/ros/foxy/opt/yaml_cpp_vendor/lib:/opt/ros/foxy/opt/rviz_ogre_vendor/lib:/opt/ros/foxy/lib/aarch64-linux-gnu:/opt/ros/foxy/lib:/usr/local/cuda-11.4/lib64 PYTHONPATH=/home/yvxaiver/f1tenth_ws/install/vesc_msgs/lib/python3.8/site-packages:/home/yvxaiver/f1tenth_ws/install/f1tenth_stack/lib/python3.8/site-packages:/home/yvxaiver/f1tenth_ws/install/joy_teleop/lib/python3.8/site-packages:/home/yvxaiver/f1tenth_ws/install/teleop_tools_msgs/lib/python3.8/site-packages:/home/yvxaiver/f1tenth_ws/install/planned_path/lib/python3.8/site-packages:/home/yvxaiver/f1tenth_ws/install/mouse_teleop/lib/python3.8/site-packages:/home/yvxaiver/f1tenth_ws/install/lanenet_driver/lib/python3.8/site-packages:/home/yvxaiver/f1tenth_ws/install/key_teleop/lib/python3.8/site-packages:/home/yvxaiver/camera_ws/install/lanenet_postprocess/lib/python3.8/site-packages:/home/yvxaiver/camera_ws/install/ros2_numpy/lib/python3.8/site-packages:/home/yvxaiver/camera_ws/install/image_processor/lib/python3.8/site-packages:/home/yvxaiver/camera_ws/install/points_vector/lib/python3.8/site-packages:/home/yvxaiver/camera_ws/install/inv_mux/lib/python3.8/site-packages:/home/yvxaiver/camera_ws/install/lanenet_out/lib/python3.8/site-packages:/opt/ros/foxy/lib/python3.8/site-packages /usr/bin/cmake --build /home/yvxaiver/f1tenth_ws/build/vesc_driver -- -j6 -l6
[1.957s] Invoking command in '/home/yvxaiver/f1tenth_ws/build/vesc_driver': CMAKE_PREFIX_PATH=/home/yvxaiver/f1tenth_ws/install/vesc_msgs:/home/yvxaiver/f1tenth_ws/install/vesc:/home/yvxaiver/f1tenth_ws/install/vesc_driver:/home/yvxaiver/f1tenth_ws/install/vesc_ackermann:/home/yvxaiver/f1tenth_ws/install/v4l2_camera:/home/yvxaiver/f1tenth_ws/install/teleop_tools:/home/yvxaiver/f1tenth_ws/install/teleop_tools_msgs:/home/yvxaiver/f1tenth_ws/install/ackermann_mux:/home/yvxaiver/camera_ws/install/usb_camera_driver:/home/yvxaiver/camera_ws/install/usb_cam:/home/yvxaiver/camera_ws/install/camera_bringup:/home/yvxaiver/camera_ws/install/ros2_numpy:/home/yvxaiver/camera_ws/install/points_vector:/home/yvxaiver/camera_ws/install/lanenet_out:/home/yvxaiver/f1tenth_ws/install/f1tenth_stack:/home/yvxaiver/f1tenth_ws/install/joy_teleop:/home/yvxaiver/f1tenth_ws/install/planned_path:/home/yvxaiver/f1tenth_ws/install/mouse_teleop:/home/yvxaiver/f1tenth_ws/install/lanenet_driver:/home/yvxaiver/f1tenth_ws/install/key_teleop:/home/yvxaiver/camera_ws/install/lanenet_postprocess:/home/yvxaiver/camera_ws/install/image_processor:/home/yvxaiver/camera_ws/install/inv_mux:/opt/ros/foxy LD_LIBRARY_PATH=/home/yvxaiver/f1tenth_ws/install/vesc_msgs/lib:/home/yvxaiver/f1tenth_ws/install/vesc_driver/lib:/home/yvxaiver/f1tenth_ws/install/vesc_ackermann/lib:/home/yvxaiver/f1tenth_ws/install/v4l2_camera/lib:/home/yvxaiver/f1tenth_ws/install/teleop_tools_msgs/lib:/home/yvxaiver/camera_ws/install/usb_camera_driver/lib:/home/yvxaiver/camera_ws/install/usb_cam/lib:/home/yvxaiver/camera_ws/install/points_vector/lib:/home/yvxaiver/camera_ws/install/lanenet_out/lib:/opt/ros/foxy/opt/yaml_cpp_vendor/lib:/opt/ros/foxy/opt/rviz_ogre_vendor/lib:/opt/ros/foxy/lib/aarch64-linux-gnu:/opt/ros/foxy/lib:/usr/local/cuda-11.4/lib64 PYTHONPATH=/home/yvxaiver/f1tenth_ws/install/vesc_msgs/lib/python3.8/site-packages:/home/yvxaiver/f1tenth_ws/install/f1tenth_stack/lib/python3.8/site-packages:/home/yvxaiver/f1tenth_ws/install/joy_teleop/lib/python3.8/site-packages:/home/yvxaiver/f1tenth_ws/install/teleop_tools_msgs/lib/python3.8/site-packages:/home/yvxaiver/f1tenth_ws/install/planned_path/lib/python3.8/site-packages:/home/yvxaiver/f1tenth_ws/install/mouse_teleop/lib/python3.8/site-packages:/home/yvxaiver/f1tenth_ws/install/lanenet_driver/lib/python3.8/site-packages:/home/yvxaiver/f1tenth_ws/install/key_teleop/lib/python3.8/site-packages:/home/yvxaiver/camera_ws/install/lanenet_postprocess/lib/python3.8/site-packages:/home/yvxaiver/camera_ws/install/ros2_numpy/lib/python3.8/site-packages:/home/yvxaiver/camera_ws/install/image_processor/lib/python3.8/site-packages:/home/yvxaiver/camera_ws/install/points_vector/lib/python3.8/site-packages:/home/yvxaiver/camera_ws/install/inv_mux/lib/python3.8/site-packages:/home/yvxaiver/camera_ws/install/lanenet_out/lib/python3.8/site-packages:/opt/ros/foxy/lib/python3.8/site-packages /usr/bin/cmake --install /home/yvxaiver/f1tenth_ws/build/vesc_driver
[2.025s] -- Install configuration: ""
[2.028s] -- Up-to-date: /home/yvxaiver/f1tenth_ws/install/vesc_driver/lib/vesc_driver/vesc_driver_node
[2.031s] -- Up-to-date: /home/yvxaiver/f1tenth_ws/install/vesc_driver/include
[2.033s] -- Up-to-date: /home/yvxaiver/f1tenth_ws/install/vesc_driver/include/vesc_driver
[2.034s] -- Up-to-date: /home/yvxaiver/f1tenth_ws/install/vesc_driver/include/vesc_driver/crc.hpp
[2.035s] -- Up-to-date: /home/yvxaiver/f1tenth_ws/install/vesc_driver/include/vesc_driver/vesc_packet.hpp
[2.036s] -- Up-to-date: /home/yvxaiver/f1tenth_ws/install/vesc_driver/include/vesc_driver/vesc_driver.hpp
[2.037s] -- Up-to-date: /home/yvxaiver/f1tenth_ws/install/vesc_driver/include/vesc_driver/vesc_packet_factory.hpp
[2.038s] -- Up-to-date: /home/yvxaiver/f1tenth_ws/install/vesc_driver/include/vesc_driver/vesc_device_uuid_lookup.hpp
[2.039s] -- Up-to-date: /home/yvxaiver/f1tenth_ws/install/vesc_driver/include/vesc_driver/vesc_interface.hpp
[2.039s] -- Up-to-date: /home/yvxaiver/f1tenth_ws/install/vesc_driver/include/vesc_driver/datatypes.hpp
[2.040s] -- Up-to-date: /home/yvxaiver/f1tenth_ws/install/vesc_driver/share/vesc_driver/environment/library_path.sh
[2.042s] -- Up-to-date: /home/yvxaiver/f1tenth_ws/install/vesc_driver/share/vesc_driver/environment/library_path.dsv
[2.043s] -- Up-to-date: /home/yvxaiver/f1tenth_ws/install/vesc_driver/lib/libvesc_driver.so
[2.044s] -- Up-to-date: /home/yvxaiver/f1tenth_ws/install/vesc_driver/lib/vesc_driver/vesc_device_namer
[2.046s] -- Up-to-date: /home/yvxaiver/f1tenth_ws/install/vesc_driver/share/vesc_driver/launch
[2.048s] -- Up-to-date: /home/yvxaiver/f1tenth_ws/install/vesc_driver/share/vesc_driver/launch/vesc_driver_node.launch.py
[2.050s] -- Up-to-date: /home/yvxaiver/f1tenth_ws/install/vesc_driver/share/vesc_driver/params
[2.051s] -- Up-to-date: /home/yvxaiver/f1tenth_ws/install/vesc_driver/share/vesc_driver/params/vesc_config.yaml
[2.058s] -- Up-to-date: /home/yvxaiver/f1tenth_ws/install/vesc_driver/share/ament_index/resource_index/package_run_dependencies/vesc_driver
[2.061s] -- Up-to-date: /home/yvxaiver/f1tenth_ws/install/vesc_driver/share/ament_index/resource_index/parent_prefix_path/vesc_driver
[2.064s] -- Up-to-date: /home/yvxaiver/f1tenth_ws/install/vesc_driver/share/vesc_driver/environment/ament_prefix_path.sh
[2.065s] -- Up-to-date: /home/yvxaiver/f1tenth_ws/install/vesc_driver/share/vesc_driver/environment/ament_prefix_path.dsv
[2.066s] -- Up-to-date: /home/yvxaiver/f1tenth_ws/install/vesc_driver/share/vesc_driver/environment/path.sh
[2.066s] -- Up-to-date: /home/yvxaiver/f1tenth_ws/install/vesc_driver/share/vesc_driver/environment/path.dsv
[2.067s] -- Up-to-date: /home/yvxaiver/f1tenth_ws/install/vesc_driver/share/vesc_driver/local_setup.bash
[2.067s] -- Up-to-date: /home/yvxaiver/f1tenth_ws/install/vesc_driver/share/vesc_driver/local_setup.sh
[2.068s] -- Up-to-date: /home/yvxaiver/f1tenth_ws/install/vesc_driver/share/vesc_driver/local_setup.zsh
[2.068s] -- Up-to-date: /home/yvxaiver/f1tenth_ws/install/vesc_driver/share/vesc_driver/local_setup.dsv
[2.069s] -- Installing: /home/yvxaiver/f1tenth_ws/install/vesc_driver/share/vesc_driver/package.dsv
[2.070s] -- Up-to-date: /home/yvxaiver/f1tenth_ws/install/vesc_driver/share/ament_index/resource_index/packages/vesc_driver
[2.070s] -- Up-to-date: /home/yvxaiver/f1tenth_ws/install/vesc_driver/share/ament_index/resource_index/rclcpp_components/vesc_driver
[2.071s] -- Up-to-date: /home/yvxaiver/f1tenth_ws/install/vesc_driver/share/vesc_driver/cmake/ament_cmake_export_dependencies-extras.cmake
[2.071s] -- Up-to-date: /home/yvxaiver/f1tenth_ws/install/vesc_driver/share/vesc_driver/cmake/ament_cmake_export_include_directories-extras.cmake
[2.072s] -- Up-to-date: /home/yvxaiver/f1tenth_ws/install/vesc_driver/share/vesc_driver/cmake/ament_cmake_export_libraries-extras.cmake
[2.072s] -- Up-to-date: /home/yvxaiver/f1tenth_ws/install/vesc_driver/share/vesc_driver/cmake/vesc_driverConfig.cmake
[2.072s] -- Up-to-date: /home/yvxaiver/f1tenth_ws/install/vesc_driver/share/vesc_driver/cmake/vesc_driverConfig-version.cmake
[2.073s] -- Up-to-date: /home/yvxaiver/f1tenth_ws/install/vesc_driver/share/vesc_driver/package.xml
[2.097s] Invoked command in '/home/yvxaiver/f1tenth_ws/build/vesc_driver' returned '0': CMAKE_PREFIX_PATH=/home/yvxaiver/f1tenth_ws/install/vesc_msgs:/home/yvxaiver/f1tenth_ws/install/vesc:/home/yvxaiver/f1tenth_ws/install/vesc_driver:/home/yvxaiver/f1tenth_ws/install/vesc_ackermann:/home/yvxaiver/f1tenth_ws/install/v4l2_camera:/home/yvxaiver/f1tenth_ws/install/teleop_tools:/home/yvxaiver/f1tenth_ws/install/teleop_tools_msgs:/home/yvxaiver/f1tenth_ws/install/ackermann_mux:/home/yvxaiver/camera_ws/install/usb_camera_driver:/home/yvxaiver/camera_ws/install/usb_cam:/home/yvxaiver/camera_ws/install/camera_bringup:/home/yvxaiver/camera_ws/install/ros2_numpy:/home/yvxaiver/camera_ws/install/points_vector:/home/yvxaiver/camera_ws/install/lanenet_out:/home/yvxaiver/f1tenth_ws/install/f1tenth_stack:/home/yvxaiver/f1tenth_ws/install/joy_teleop:/home/yvxaiver/f1tenth_ws/install/planned_path:/home/yvxaiver/f1tenth_ws/install/mouse_teleop:/home/yvxaiver/f1tenth_ws/install/lanenet_driver:/home/yvxaiver/f1tenth_ws/install/key_teleop:/home/yvxaiver/camera_ws/install/lanenet_postprocess:/home/yvxaiver/camera_ws/install/image_processor:/home/yvxaiver/camera_ws/install/inv_mux:/opt/ros/foxy LD_LIBRARY_PATH=/home/yvxaiver/f1tenth_ws/install/vesc_msgs/lib:/home/yvxaiver/f1tenth_ws/install/vesc_driver/lib:/home/yvxaiver/f1tenth_ws/install/vesc_ackermann/lib:/home/yvxaiver/f1tenth_ws/install/v4l2_camera/lib:/home/yvxaiver/f1tenth_ws/install/teleop_tools_msgs/lib:/home/yvxaiver/camera_ws/install/usb_camera_driver/lib:/home/yvxaiver/camera_ws/install/usb_cam/lib:/home/yvxaiver/camera_ws/install/points_vector/lib:/home/yvxaiver/camera_ws/install/lanenet_out/lib:/opt/ros/foxy/opt/yaml_cpp_vendor/lib:/opt/ros/foxy/opt/rviz_ogre_vendor/lib:/opt/ros/foxy/lib/aarch64-linux-gnu:/opt/ros/foxy/lib:/usr/local/cuda-11.4/lib64 PYTHONPATH=/home/yvxaiver/f1tenth_ws/install/vesc_msgs/lib/python3.8/site-packages:/home/yvxaiver/f1tenth_ws/install/f1tenth_stack/lib/python3.8/site-packages:/home/yvxaiver/f1tenth_ws/install/joy_teleop/lib/python3.8/site-packages:/home/yvxaiver/f1tenth_ws/install/teleop_tools_msgs/lib/python3.8/site-packages:/home/yvxaiver/f1tenth_ws/install/planned_path/lib/python3.8/site-packages:/home/yvxaiver/f1tenth_ws/install/mouse_teleop/lib/python3.8/site-packages:/home/yvxaiver/f1tenth_ws/install/lanenet_driver/lib/python3.8/site-packages:/home/yvxaiver/f1tenth_ws/install/key_teleop/lib/python3.8/site-packages:/home/yvxaiver/camera_ws/install/lanenet_postprocess/lib/python3.8/site-packages:/home/yvxaiver/camera_ws/install/ros2_numpy/lib/python3.8/site-packages:/home/yvxaiver/camera_ws/install/image_processor/lib/python3.8/site-packages:/home/yvxaiver/camera_ws/install/points_vector/lib/python3.8/site-packages:/home/yvxaiver/camera_ws/install/inv_mux/lib/python3.8/site-packages:/home/yvxaiver/camera_ws/install/lanenet_out/lib/python3.8/site-packages:/opt/ros/foxy/lib/python3.8/site-packages /usr/bin/cmake --install /home/yvxaiver/f1tenth_ws/build/vesc_driver
[2.314s] Traceback (most recent call last):
  File "/usr/lib/python3/dist-packages/colcon_parallel_executor/executor/parallel.py", line 67, in execute
    loop.run_until_complete(future)
  File "/usr/lib/python3.8/asyncio/base_events.py", line 603, in run_until_complete
    self.run_forever()
  File "/usr/lib/python3.8/asyncio/base_events.py", line 570, in run_forever
    self._run_once()
  File "/usr/lib/python3.8/asyncio/base_events.py", line 1823, in _run_once
    event_list = self._selector.select(timeout)
  File "/usr/lib/python3.8/selectors.py", line 468, in select
    fd_event_list = self._selector.poll(timeout, max_ev)
KeyboardInterrupt

During handling of the above exception, another exception occurred:

Traceback (most recent call last):
  File "/usr/lib/python3/dist-packages/colcon_core/executor/__init__.py", line 91, in __call__
    rc = await self.task(*args, **kwargs)
  File "/usr/lib/python3/dist-packages/colcon_core/task/__init__.py", line 93, in __call__
    return await task_method(*args, **kwargs)
  File "/usr/lib/python3/dist-packages/colcon_ros/task/ament_cmake/build.py", line 65, in build
    has_install_target = await has_target(args.build_base, 'install')
  File "/usr/lib/python3/dist-packages/colcon_cmake/task/cmake/__init__.py", line 57, in has_target
    return target in await get_makefile_targets(path)
  File "/usr/lib/python3/dist-packages/colcon_cmake/task/cmake/__init__.py", line 77, in get_makefile_targets
    output = await check_output([
  File "/usr/lib/python3/dist-packages/colcon_core/subprocess.py", line 128, in check_output
    assert not rc, f'Expected {args} to pass: {stderr_data}'
AssertionError: Expected ['/usr/bin/cmake', '--build', '/home/yvxaiver/f1tenth_ws/build/vesc_driver', '--target', 'help'] to pass: 
