[0.000000] (-) TimerEvent: {}
[0.001730] (-) JobUnselected: {'identifier': 'ackermann_mux'}
[0.002007] (-) JobUnselected: {'identifier': 'f1tenth_stack'}
[0.002163] (-) JobUnselected: {'identifier': 'joy_teleop'}
[0.002408] (-) JobUnselected: {'identifier': 'key_teleop'}
[0.002532] (-) JobUnselected: {'identifier': 'mouse_teleop'}
[0.002613] (-) JobUnselected: {'identifier': 'planned_path'}
[0.002690] (-) JobUnselected: {'identifier': 'teleop_tools'}
[0.002786] (-) JobUnselected: {'identifier': 'teleop_tools_msgs'}
[0.002863] (-) JobUnselected: {'identifier': 'vesc'}
[0.002936] (-) JobUnselected: {'identifier': 'vesc_ackermann'}
[0.003008] (-) JobUnselected: {'identifier': 'vesc_driver'}
[0.003079] (-) JobUnselected: {'identifier': 'vesc_msgs'}
[0.003161] (lanenet_driver) JobQueued: {'identifier': 'lanenet_driver', 'dependencies': OrderedDict()}
[0.008335] (lanenet_driver) JobStarted: {'identifier': 'lanenet_driver'}
[0.100365] (-) TimerEvent: {}
[0.206262] (-) TimerEvent: {}
[0.308291] (-) TimerEvent: {}
[0.410335] (-) TimerEvent: {}
[0.511212] (-) TimerEvent: {}
[0.613193] (-) TimerEvent: {}
[0.716194] (-) TimerEvent: {}
[0.818626] (-) TimerEvent: {}
[0.919686] (-) TimerEvent: {}
[1.021022] (-) TimerEvent: {}
[1.122267] (-) TimerEvent: {}
[1.225184] (-) TimerEvent: {}
[1.327678] (-) TimerEvent: {}
[1.429522] (-) TimerEvent: {}
[1.530501] (-) TimerEvent: {}
[1.633065] (-) TimerEvent: {}
[1.735383] (-) TimerEvent: {}
[1.836212] (-) TimerEvent: {}
[1.941821] (-) TimerEvent: {}
[2.043303] (-) TimerEvent: {}
[2.145152] (-) TimerEvent: {}
[2.246666] (-) TimerEvent: {}
[2.347669] (-) TimerEvent: {}
[2.449185] (-) TimerEvent: {}
[2.552359] (-) TimerEvent: {}
[2.656947] (-) TimerEvent: {}
[2.759257] (-) TimerEvent: {}
[2.861197] (-) TimerEvent: {}
[2.966754] (-) TimerEvent: {}
[3.067955] (-) TimerEvent: {}
[3.168984] (-) TimerEvent: {}
[3.269923] (-) TimerEvent: {}
[3.370698] (-) TimerEvent: {}
[3.471487] (-) TimerEvent: {}
[3.572368] (-) TimerEvent: {}
[3.673274] (-) TimerEvent: {}
[3.774105] (-) TimerEvent: {}
[3.874930] (-) TimerEvent: {}
[3.975751] (-) TimerEvent: {}
[4.077537] (-) TimerEvent: {}
[4.171231] (lanenet_driver) StderrLine: {'line': b'Traceback (most recent call last):\n  File "/usr/lib/python3/dist-packages/colcon_parallel_executor/executor/parallel.py", line 67, in execute\n    loop.run_until_complete(future)\n  File "/usr/lib/python3.8/asyncio/base_events.py", line 603, in run_until_complete\n    self.run_forever()\n  File "/usr/lib/python3.8/asyncio/base_events.py", line 570, in run_forever\n    self._run_once()\n  File "/usr/lib/python3.8/asyncio/base_events.py", line 1823, in _run_once\n    event_list = self._selector.select(timeout)\n  File "/usr/lib/python3.8/selectors.py", line 468, in select\n    fd_event_list = self._selector.poll(timeout, max_ev)\nKeyboardInterrupt\n\nDuring handling of the above exception, another exception occurred:\n\nTraceback (most recent call last):\n  File "/usr/lib/python3/dist-packages/colcon_core/executor/__init__.py", line 91, in __call__\n    rc = await self.task(*args, **kwargs)\n  File "/usr/lib/python3/dist-packages/colcon_core/task/__init__.py", line 93, in __call__\n    return await task_method(*args, **kwargs)\n  File "/usr/lib/python3/dist-packages/colcon_ros/task/ament_python/build.py", line 105, in build\n    return await extension.build(additional_hooks=additional_hooks)\n  File "/usr/lib/python3/dist-packages/colcon_core/task/python/build.py", line 59, in build\n    available_commands = await self._get_available_commands(\n  File "/usr/lib/python3/dist-packages/colcon_core/task/python/build.py", line 142, in _get_available_commands\n    output = await check_output(\n  File "/usr/lib/python3/dist-packages/colcon_core/subprocess.py", line 128, in check_output\n    assert not rc, f\'Expected {args} to pass: {stderr_data}\'\nAssertionError: Expected [\'/usr/bin/python3\', \'setup.py\', \'--help-commands\'] to pass: Traceback (most recent call last):\n  File "setup.py", line 1, in <module>\n    from setuptools import setup\n  File "/usr/local/lib/python3.8/dist-packages/setuptools/__init__.py", line 19, in <module>\n    import setuptools.version\n  File "/usr/local/lib/python3.8/dist-packages/setuptools/version.py", line 1, in <module>\n    import pkg_resources\n  File "/usr/local/lib/python3.8/dist-packages/pkg_resources/__init__.py", line 3268, in <module>\n    def _initialize_master_working_set():\n  File "/usr/local/lib/python3.8/dist-packages/pkg_resources/__init__.py", line 3251, in _call_aside\n    f(*args, **kwargs)\n  File "/usr/local/lib/python3.8/dist-packages/pkg_resources/__init__.py", line 3303, in _initialize_master_working_set\n    list(map(working_set.add_entry, sys.path))\n  File "/usr/local/lib/python3.8/dist-packages/pkg_resources/__init__.py", line 622, in add_entry\n    for dist in find_distributions(entry, True):\n  File "/usr/local/lib/python3.8/dist-packages/pkg_resources/__init__.py", line 2074, in find_on_path\n    path_item_entries = _by_version_descending(filtered)\n  File "/usr/local/lib/python3.8/dist-packages/pkg_resources/__init__.py", line 2044, in _by_version_descending\n    return sorted(names, key=_by_version, reverse=True)\n  File "/usr/local/lib/python3.8/dist-packages/pkg_resources/__init__.py", line 2040, in _by_version\n    name, ext = os.path.splitext(name)\n  File "/usr/lib/python3.8/posixpath.py", line 125, in splitext\n    return genericpath._splitext(p, sep, None, extsep)\n  File "/usr/lib/python3.8/genericpath.py", line 137, in _splitext\n    while filenameIndex < dotIndex:\nKeyboardInterrupt\n\n'}
[4.174108] (lanenet_driver) JobEnded: {'identifier': 'lanenet_driver', 'rc': 'SIGINT'}
[4.177687] (-) TimerEvent: {}
[4.184007] (-) EventReactorShutdown: {}
